---------------------------------------
-   MP2D Dispersion correction v1.2   -
---------------------------------------

Chandler Greenwell and Gregory Beran, 2018-2024.

Please cite:
   MP2D: J. Rezac, C. Greenwell, and G. Beran.
   J. Chem. Theory Comput. 14, 4711-4721 (2018).
   DOI: 10.1021/acs.jctc.8b00548

C6 coefficient files used:
   UCHF: /home/software/mp2d/UCHF_C6coeffs.dat
   CKS:  /home/software/mp2d/CKS_C6coeffs.dat

MP2D empirical parameters:
   s8    = 1.1873
   TT_a1 = 0.9436
   TT_a2 = 0.4802
   r_cut = 0.72
   w     = 0.2

Atomic Coordinates (Angstroms): 6 atoms
O      -1.551028       -0.114522        0.000000 
H      -1.934286        0.762513        0.000000 
H      -0.599685        0.040713        0.000000 
O       1.350644        0.111471        0.000000 
H       1.680421       -0.373746       -0.758571 
H       1.680421       -0.373746        0.758571 

MP2D Dispersion Energies (hartrees)
   UCHF dispersion contribution        =    -0.00713619 
   CKS dispersion contribution         =    -0.00787441 
 ! MP2D dispersion correction          =    -0.00073822 
