----------------------------------------
-  MP2D Dispersion correction v1.0 -
----------------------------------------

Software Implementation: Chandler Greenwell, August 2018.

Please cite: J. Rezac, C. Greenwell, and G. Beran.
J. Chem. Theory Comput. 14, 4711-4721 (2018).
DOI: 10.1021/acs.jctc.8b00548

MP2D C6 coefficient files:
   UCHF: /home/chandemonium/MP2D_Program/MP2D_12_20_2018/CODE/RELEASE_VERSION/UCHF_C6coeffs.dat
   CKS:  /home/chandemonium/MP2D_Program/MP2D_12_20_2018/CODE/RELEASE_VERSION/CKS_C6coeffs.dat

MP2D empirical parameters:
   s8    = 1.18735
   TT_a1 = 0.943633
   TT_a2 = 0.480246
   r_cut = 0.72
   w     = 0.2

MP2D Dispersion Energies (kcal/mol)
   UCHF Contribution:  -12.489647 
   CKS Contribution:  -10.295378 
   MP2D dispersion correction:  2.194266 


Atomic Coordinates in Angstroms
      -1.995239        0.336096        0.000000 
      -3.065254        0.336096        0.000000 
      -1.095227        0.336096        0.000000 
      -0.025212        0.336096        0.000000 


