----------------------------------------
-  MP2D Dispersion correction v1.0 -
----------------------------------------

Software Implementation: Chandler Greenwell, August 2018.

Please cite: J. Rezac, C. Greenwell, and G. Beran.
J. Chem. Theory Comput. 14, 4711-4721 (2018).
DOI: 10.1021/acs.jctc.8b00548

MP2D C6 coefficient files:
   UCHF: /home/chandemonium/MP2D_Program/MP2D_12_20_2018/CODE/RELEASE_VERSION/UCHF_C6coeffs.dat
   CKS:  /home/chandemonium/MP2D_Program/MP2D_12_20_2018/CODE/RELEASE_VERSION/CKS_C6coeffs.dat

MP2D empirical parameters:
   s8    = 1.18735
   TT_a1 = 0.943633
   TT_a2 = 0.480246
   r_cut = 0.72
   w     = 0.2

MP2D Dispersion Energies (kcal/mol)
   UCHF Contribution:  -4.478900 
   CKS Contribution:  -4.942230 
   MP2D dispersion correction:  -0.463330 


Atomic Coordinates in Angstroms
      -1.551028       -0.114522        0.000000 
      -1.934286        0.762513        0.000000 
      -0.599685        0.040713        0.000000 
       1.350644        0.111471        0.000000 
       1.680421       -0.373746       -0.758571 
       1.680421       -0.373746        0.758571 


MP2D Gradient (hartree/bohr)
       0.000022        0.000007        0.000000 
      -0.000032        0.000012        0.000000 
      -0.000080       -0.000004        0.000000 
       0.000020       -0.000006        0.000000 
       0.000035       -0.000004       -0.000034 
       0.000035       -0.000004        0.000034 
